<?xml version="1.0" encoding="UTF-8"?>
<!-- Generated by org.testng.reporters.JUnitXMLReporter -->
<testsuite hostname="jon-computer.localdomain" tests="4" failures="0" timestamp="17 May 2018 13:57:26 GMT" time="49.005" errors="0">
  <testcase name="testRDMFMgmtLookup" time="12.072" classname="RDMFZipLookup"/>
  <testcase name="testRDMFPropertyLookup" time="12.102" classname="RDMFZipLookup"/>
  <testcase name="testRDMFTownLookup" time="12.284" classname="RDMFZipLookup"/>
  <testcase name="testRDMFZipLookup" time="11.003" classname="RDMFZipLookup"/>
</testsuite>
