<?xml version="1.0" encoding="UTF-8"?>
<testng-results skipped="0" failed="0" total="1" passed="1">
  <reporter-output>
  </reporter-output>
  <suite name="RDMF Testing" duration-ms="9758" started-at="2018-05-16T17:41:40Z" finished-at="2018-05-16T17:41:50Z">
    <groups>
    </groups>
    <test name="RDMF City Search Test" duration-ms="9758" started-at="2018-05-16T17:41:40Z" finished-at="2018-05-16T17:41:50Z">
      <class name="RDMFZipLookup">
        <test-method status="PASS" signature="setUp()[pri:0, instance:RDMFZipLookup@64616ca2]" name="setUp" is-config="true" duration-ms="1413" started-at="2018-05-16T13:41:40Z" finished-at="2018-05-16T13:41:42Z">
          <reporter-output>
          </reporter-output>
        </test-method> <!-- setUp -->
        <test-method status="PASS" signature="testRDMFZipLookup()[pri:0, instance:RDMFZipLookup@64616ca2]" name="testRDMFZipLookup" duration-ms="8254" started-at="2018-05-16T13:41:42Z" finished-at="2018-05-16T13:41:50Z">
          <reporter-output>
          </reporter-output>
        </test-method> <!-- testRDMFZipLookup -->
        <test-method status="PASS" signature="tearDown()[pri:0, instance:RDMFZipLookup@64616ca2]" name="tearDown" is-config="true" duration-ms="84" started-at="2018-05-16T13:41:50Z" finished-at="2018-05-16T13:41:50Z">
          <reporter-output>
          </reporter-output>
        </test-method> <!-- tearDown -->
      </class> <!-- RDMFZipLookup -->
    </test> <!-- RDMF City Search Test -->
  </suite> <!-- RDMF Testing -->
</testng-results>
