<?xml version="1.0" encoding="UTF-8"?>
<testng-results skipped="0" failed="0" total="4" passed="4">
  <reporter-output>
  </reporter-output>
  <suite name="RDMF Testing" duration-ms="49005" started-at="2018-05-17T13:56:37Z" finished-at="2018-05-17T13:57:26Z">
    <groups>
    </groups>
    <test name="RDMF City Search Test" duration-ms="49005" started-at="2018-05-17T13:56:37Z" finished-at="2018-05-17T13:57:26Z">
      <class name="RDMFZipLookup">
        <test-method status="PASS" signature="setUp()[pri:0, instance:RDMFZipLookup@5f2050f6]" name="setUp" is-config="true" duration-ms="1473" started-at="2018-05-17T09:56:37Z" finished-at="2018-05-17T09:56:38Z">
          <reporter-output>
          </reporter-output>
        </test-method> <!-- setUp -->
        <test-method status="PASS" signature="testRDMFMgmtLookup()[pri:0, instance:RDMFZipLookup@5f2050f6]" name="testRDMFMgmtLookup" duration-ms="12072" started-at="2018-05-17T09:56:38Z" finished-at="2018-05-17T09:56:50Z">
          <reporter-output>
          </reporter-output>
        </test-method> <!-- testRDMFMgmtLookup -->
        <test-method status="PASS" signature="testRDMFPropertyLookup()[pri:0, instance:RDMFZipLookup@5f2050f6]" name="testRDMFPropertyLookup" duration-ms="12102" started-at="2018-05-17T09:56:50Z" finished-at="2018-05-17T09:57:02Z">
          <reporter-output>
          </reporter-output>
        </test-method> <!-- testRDMFPropertyLookup -->
        <test-method status="PASS" signature="testRDMFTownLookup()[pri:0, instance:RDMFZipLookup@5f2050f6]" name="testRDMFTownLookup" duration-ms="12284" started-at="2018-05-17T09:57:02Z" finished-at="2018-05-17T09:57:15Z">
          <reporter-output>
          </reporter-output>
        </test-method> <!-- testRDMFTownLookup -->
        <test-method status="PASS" signature="testRDMFZipLookup()[pri:0, instance:RDMFZipLookup@5f2050f6]" name="testRDMFZipLookup" duration-ms="11003" started-at="2018-05-17T09:57:15Z" finished-at="2018-05-17T09:57:26Z">
          <reporter-output>
          </reporter-output>
        </test-method> <!-- testRDMFZipLookup -->
        <test-method status="PASS" signature="tearDown()[pri:0, instance:RDMFZipLookup@5f2050f6]" name="tearDown" is-config="true" duration-ms="61" started-at="2018-05-17T09:57:26Z" finished-at="2018-05-17T09:57:26Z">
          <reporter-output>
          </reporter-output>
        </test-method> <!-- tearDown -->
      </class> <!-- RDMFZipLookup -->
    </test> <!-- RDMF City Search Test -->
  </suite> <!-- RDMF Testing -->
</testng-results>
